<?xml version="1.0" encoding="UTF-8"?>
<testng-results ignored="0" total="5" passed="5" failed="0" skipped="0">
  <reporter-output>
  </reporter-output>
  <suite started-at="2024-04-21T23:01:43Z" name="Default suite" finished-at="2024-04-21T23:02:07Z" duration-ms="24052">
    <groups>
    </groups>
    <test started-at="2024-04-21T23:01:43Z" name="Default test" finished-at="2024-04-21T23:02:07Z" duration-ms="24052">
      <class name="sample.ArcgisBhavanaTesting">
        <test-method is-config="true" signature="setUp()[pri:0, instance:sample.ArcgisBhavanaTesting@563f38c4]" started-at="2024-04-21T23:01:43Z" name="setUp" finished-at="2024-04-21T23:01:45Z" duration-ms="2143" status="PASS">
          <reporter-output>
          </reporter-output>
        </test-method> <!-- setUp -->
        <test-method signature="Login()[pri:0, instance:sample.ArcgisBhavanaTesting@563f38c4]" started-at="2024-04-21T23:01:45Z" name="Login" finished-at="2024-04-21T23:01:49Z" duration-ms="3733" status="PASS">
          <reporter-output>
          </reporter-output>
        </test-method> <!-- Login -->
        <test-method signature="BaseMap()[pri:1, instance:sample.ArcgisBhavanaTesting@563f38c4]" started-at="2024-04-21T23:01:49Z" name="BaseMap" finished-at="2024-04-21T23:01:54Z" duration-ms="5787" status="PASS">
          <reporter-output>
          </reporter-output>
        </test-method> <!-- BaseMap -->
        <test-method signature="MeasureTool()[pri:2, instance:sample.ArcgisBhavanaTesting@563f38c4]" started-at="2024-04-21T23:01:54Z" name="MeasureTool" finished-at="2024-04-21T23:01:55Z" duration-ms="603" status="PASS">
          <reporter-output>
          </reporter-output>
        </test-method> <!-- MeasureTool -->
        <test-method signature="ZoomInZoomOut()[pri:3, instance:sample.ArcgisBhavanaTesting@563f38c4]" started-at="2024-04-21T23:01:55Z" name="ZoomInZoomOut" finished-at="2024-04-21T23:01:56Z" duration-ms="1194" status="PASS">
          <reporter-output>
          </reporter-output>
        </test-method> <!-- ZoomInZoomOut -->
        <test-method signature="FindAddress()[pri:4, instance:sample.ArcgisBhavanaTesting@563f38c4]" started-at="2024-04-21T23:01:56Z" name="FindAddress" finished-at="2024-04-21T23:02:07Z" duration-ms="10569" status="PASS">
          <reporter-output>
          </reporter-output>
        </test-method> <!-- FindAddress -->
      </class> <!-- sample.ArcgisBhavanaTesting -->
    </test> <!-- Default test -->
  </suite> <!-- Default suite -->
</testng-results>
