<?xml version="1.0" encoding="UTF-8"?>
<!-- Generated by org.testng.reporters.JUnitXMLReporter -->
<testsuite ignored="0" hostname="LAPTOP-LNB1H88U" failures="0" tests="5" name="Default test" time="24.052" errors="0" timestamp="21 Apr 2024 23:02:07 GMT">
  <testcase classname="sample.ArcgisBhavanaTesting" name="Login" time="3.733"/>
  <testcase classname="sample.ArcgisBhavanaTesting" name="BaseMap" time="5.787"/>
  <testcase classname="sample.ArcgisBhavanaTesting" name="MeasureTool" time="0.603"/>
  <testcase classname="sample.ArcgisBhavanaTesting" name="ZoomInZoomOut" time="1.194"/>
  <testcase classname="sample.ArcgisBhavanaTesting" name="FindAddress" time="10.569"/>
</testsuite> <!-- Default test -->
